[debug] [2026-01-30T17:40:23.824Z] ----------------------------------------------------------------------
[debug] [2026-01-30T17:40:23.827Z] Command:       C:\Program Files\nodejs\node.exe C:\Users\mlaks\AppData\Roaming\npm\node_modules\firebase-tools\lib\bin\firebase.js deploy
[debug] [2026-01-30T17:40:23.828Z] CLI Version:   14.25.0
[debug] [2026-01-30T17:40:23.828Z] Platform:      win32
[debug] [2026-01-30T17:40:23.828Z] Node Version:  v24.10.0
[debug] [2026-01-30T17:40:23.828Z] Time:          Fri Jan 30 2026 23:10:23 GMT+0530 (India Standard Time)
[debug] [2026-01-30T17:40:23.828Z] ----------------------------------------------------------------------
[debug] 
[debug] [2026-01-30T17:40:23.831Z] >>> [apiv2][query] GET https://firebase-public.firebaseio.com/cli.json [none]
[debug] [2026-01-30T17:40:24.098Z] > command requires scopes: ["email","openid","https://www.googleapis.com/auth/cloudplatformprojects.readonly","https://www.googleapis.com/auth/firebase","https://www.googleapis.com/auth/cloud-platform"]
[debug] [2026-01-30T17:40:24.099Z] > authorizing via signed-in user (mlakshmi.lakimca@gmail.com)
[debug] [2026-01-30T17:40:24.099Z] [iam] checking project medical-2025-srichaitanya for permissions ["firebase.projects.get","firebasehosting.sites.update"]
[debug] [2026-01-30T17:40:24.099Z] Checked if tokens are valid: false, expires at: 1763246673737
[debug] [2026-01-30T17:40:24.100Z] Checked if tokens are valid: false, expires at: 1763246673737
[debug] [2026-01-30T17:40:24.100Z] > refreshing access token with scopes: []
[debug] [2026-01-30T17:40:24.101Z] >>> [apiv2][query] POST https://www.googleapis.com/oauth2/v3/token [none]
[debug] [2026-01-30T17:40:24.101Z] >>> [apiv2][body] POST https://www.googleapis.com/oauth2/v3/token [omitted]
[debug] [2026-01-30T17:40:46.167Z] *** [apiv2] error from fetch(https://firebase-public.firebaseio.com/cli.json, {"headers":{},"method":"GET"}): FetchError: request to https://firebase-public.firebaseio.com/cli.json failed, reason: 
[warn] !  Unable to fetch the CLI MOTD and remote config. This is not a fatal error, but may indicate an issue with your network connection. 
[debug] [2026-01-30T17:40:46.168Z] Failed to fetch MOTD FirebaseError: Failed to make request to https://firebase-public.firebaseio.com/cli.json
[debug] [2026-01-30T17:40:46.951Z] *** [apiv2] error from fetch(https://www.googleapis.com/oauth2/v3/token, {"headers":{},"method":"POST","body":{"_overheadLength":545,"_valueLength":212,"_valuesToMeasure":[],"writable":false,"readable":true,"dataSize":0,"maxDataSize":2097152,"pauseStreams":true,"_released":true,"_streams":[],"_currentStream":null,"_insideLoop":false,"_pendingNext":false,"_boundary":"--------------------------ccf9f7a0bdab81bfb93466cb","_events":{},"_eventsCount":1}}): FetchError: request to https://www.googleapis.com/oauth2/v3/token failed, reason: 
[error] Authentication Error: Your credentials are no longer valid. Please run firebase login --reauth

For CI servers and headless environments, generate a new token with firebase login:ci
[debug] [2026-01-30T17:40:46.954Z] [iam] error while checking permissions, command may fail: Authentication Error: Your credentials are no longer valid. Please run firebase login --reauth

For CI servers and headless environments, generate a new token with firebase login:ci
[debug] [2026-01-30T17:40:46.956Z] Checked if tokens are valid: false, expires at: 1763246673737
[debug] [2026-01-30T17:40:46.956Z] Checked if tokens are valid: false, expires at: 1763246673737
[debug] [2026-01-30T17:40:46.956Z] > refreshing access token with scopes: []
[debug] [2026-01-30T17:40:46.957Z] >>> [apiv2][query] POST https://www.googleapis.com/oauth2/v3/token [none]
[debug] [2026-01-30T17:40:46.957Z] >>> [apiv2][body] POST https://www.googleapis.com/oauth2/v3/token [omitted]
[debug] [2026-01-30T17:40:58.836Z] *** [apiv2] error from fetch(https://www.googleapis.com/oauth2/v3/token, {"headers":{},"method":"POST","body":{"_overheadLength":545,"_valueLength":212,"_valuesToMeasure":[],"writable":false,"readable":true,"dataSize":0,"maxDataSize":2097152,"pauseStreams":true,"_released":true,"_streams":[],"_currentStream":null,"_insideLoop":false,"_pendingNext":false,"_boundary":"--------------------------7f183d00a36ac4cd3b7b417d","_events":{},"_eventsCount":1}}): FetchError: request to https://www.googleapis.com/oauth2/v3/token failed, reason: 
[error] Authentication Error: Your credentials are no longer valid. Please run firebase login --reauth

For CI servers and headless environments, generate a new token with firebase login:ci
[debug] [2026-01-30T17:40:58.851Z] Authentication Error: Your credentials are no longer valid. Please run firebase login --reauth

For CI servers and headless environments, generate a new token with firebase login:ci
[error] 
[error] Error: Assertion failed: resolving hosting target of a site with no site name or target name. This should have caused an error earlier
