[2026-01-30T14:35:55.283Z] GET /
[2026-01-30T14:35:55.414Z] GET /favicon.ico
[2026-01-30T14:36:51.374Z] GET /api/health
[2026-01-30T14:37:47.305Z] GET /api/filters?
[2026-01-30T14:37:47.387Z] GET /api/studentsByCampus?
[2026-01-30T14:37:47.489Z] GET /api/exam-stats?
[2026-01-30T14:37:47.688Z] GET /api/analysis-report?
[2026-01-30T14:44:33.723Z] GET /
[2026-01-30T14:44:42.769Z] GET /api/health
[2026-01-30T14:44:58.555Z] GET /api/filters?
[2026-01-30T14:44:58.653Z] GET /api/studentsByCampus?
[2026-01-30T14:44:58.742Z] GET /api/exam-stats?
[2026-01-30T14:45:01.698Z] GET /api/analysis-report?
[2026-01-30T14:50:43.392Z] GET /api/filters
[2026-01-30T14:50:57.311Z] GET /api/filters
[2026-01-30T14:50:58.117Z] GET /api/filters
[2026-01-30T14:52:24.089Z] GET /api/filters?
[2026-01-30T14:52:24.188Z] GET /api/studentsByCampus?
[2026-01-30T14:52:24.287Z] GET /api/exam-stats?
[2026-01-30T14:52:24.603Z] GET /api/analysis-report?
[2026-01-30T14:52:31.962Z] POST /api/send-approval-email
[2026-01-30T14:57:35.565Z] GET /
[2026-01-30T15:08:42.004Z] GET /api/filters?
[2026-01-30T15:08:42.092Z] GET /api/studentsByCampus?
[2026-01-30T15:08:42.180Z] GET /api/exam-stats?
[2026-01-30T15:08:46.906Z] GET /api/analysis-report?
[2026-01-30T15:22:17.177Z] GET /
[2026-01-30T15:27:01.205Z] GET /api/filters
[2026-01-30T15:27:20.459Z] GET /api/filters
[2026-01-30T15:36:27.682Z] GET /api/filters?
[2026-01-30T15:36:27.758Z] GET /api/studentsByCampus?
[2026-01-30T15:36:27.854Z] GET /api/exam-stats?
[2026-01-30T15:36:28.730Z] GET /api/analysis-report?
[2026-01-30T15:37:16.817Z] GET /api/filters?
[2026-01-30T15:37:16.913Z] GET /api/studentsByCampus?
[2026-01-30T15:37:17.015Z] GET /api/exam-stats?
[2026-01-30T15:37:17.181Z] GET /api/analysis-report?
[2026-01-30T15:38:18.400Z] GET /api/filters?
[2026-01-30T15:38:18.492Z] GET /api/studentsByCampus?
[2026-01-30T15:38:18.602Z] GET /api/exam-stats?
[2026-01-30T15:38:19.280Z] GET /api/analysis-report?
[2026-01-30T15:38:26.851Z] GET /api/analysis-report?
[2026-01-30T15:38:34.402Z] GET /api/filters?
[2026-01-30T15:38:34.500Z] GET /api/studentsByCampus?
[2026-01-30T15:38:34.599Z] GET /api/exam-stats?
[2026-01-30T15:38:34.758Z] GET /api/analysis-report?
[2026-01-30T15:38:40.615Z] GET /api/analysis-report?
[2026-01-30T15:38:55.124Z] GET /api/filters?
[2026-01-30T15:38:55.221Z] GET /api/studentsByCampus?
[2026-01-30T15:38:55.326Z] GET /api/exam-stats?
[2026-01-30T15:38:55.482Z] GET /api/analysis-report?
[2026-01-30T15:40:22.956Z] GET /api/filters?
[2026-01-30T15:40:23.054Z] GET /api/studentsByCampus?
[2026-01-30T15:40:23.146Z] GET /api/exam-stats?
[2026-01-30T15:40:23.317Z] GET /api/analysis-report?
[2026-01-30T15:40:37.952Z] GET /api/filters?
[2026-01-30T15:40:38.050Z] GET /api/studentsByCampus?
[2026-01-30T15:40:38.160Z] GET /api/exam-stats?
[2026-01-30T15:40:38.322Z] GET /api/analysis-report?
[2026-01-30T15:40:42.166Z] GET /api/filters?
[2026-01-30T15:40:42.256Z] GET /api/studentsByCampus?
[2026-01-30T15:40:42.389Z] GET /api/exam-stats?
[2026-01-30T15:40:42.582Z] GET /api/analysis-report?
[2026-01-30T15:43:52.263Z] GET /api/filters?
[2026-01-30T15:43:52.360Z] GET /api/studentsByCampus?
[2026-01-30T15:46:14.533Z] GET /api/filters?
[2026-01-30T15:46:14.558Z] GET /api/studentsByCampus?
[2026-01-30T15:47:04.530Z] GET /api/filters?
[2026-01-30T15:47:04.532Z] GET /api/studentsByCampus?
[2026-01-30T15:50:46.849Z] GET /api/exam-stats?
[2026-01-30T15:50:53.419Z] GET /api/exam-stats?quickSearch=r
[2026-01-30T15:50:54.956Z] GET /api/exam-stats?quickSearch=raghu
[2026-01-30T15:50:58.034Z] GET /api/exam-stats?quickSearch=raghu+ram
[2026-01-30T15:51:04.311Z] GET /api/filters?
[2026-01-30T15:51:04.417Z] GET /api/studentsByCampus?
[2026-01-30T15:51:04.516Z] GET /api/exam-stats?
[2026-01-30T15:51:05.280Z] GET /api/analysis-report?
[2026-01-30T15:51:08.400Z] GET /api/exam-stats?quickSearch=R
[2026-01-30T15:51:08.563Z] GET /api/analysis-report?quickSearch=R
[2026-01-30T15:51:10.642Z] GET /api/exam-stats?quickSearch=Raghu
[2026-01-30T15:51:10.814Z] GET /api/analysis-report?quickSearch=Raghu
[2026-01-30T15:51:17.347Z] GET /api/exam-stats?quickSearch=Raghu+r
[2026-01-30T15:51:17.511Z] GET /api/analysis-report?quickSearch=Raghu+r
[2026-01-30T15:51:18.456Z] GET /api/exam-stats?quickSearch=Raghu+ra
[2026-01-30T15:51:18.623Z] GET /api/analysis-report?quickSearch=Raghu+ra
[2026-01-30T15:51:20.963Z] GET /api/exam-stats?quickSearch=Ragh
[2026-01-30T15:51:21.129Z] GET /api/analysis-report?quickSearch=Ragh
[2026-01-30T15:51:22.580Z] GET /api/exam-stats?quickSearch=Raghu
[2026-01-30T15:51:22.753Z] GET /api/analysis-report?quickSearch=Raghu
[2026-01-30T15:51:24.560Z] GET /api/exam-stats?quickSearch=Raghura
[2026-01-30T15:51:24.732Z] GET /api/analysis-report?quickSearch=Raghura
[2026-01-30T15:51:35.623Z] GET /api/exam-stats?quickSearch=R
[2026-01-30T15:51:35.782Z] GET /api/analysis-report?quickSearch=R
[2026-01-30T15:51:37.807Z] GET /api/exam-stats?quickSearch=RAGHU
[2026-01-30T15:51:37.970Z] GET /api/analysis-report?quickSearch=RAGHU
[2026-01-30T15:51:46.246Z] GET /api/analysis-report?
[2026-01-30T15:53:35.569Z] GET /api/analysis-report?quickSearch=r
[2026-01-30T15:53:37.608Z] GET /api/analysis-report?
[2026-01-30T15:53:39.207Z] GET /api/analysis-report?quickSearch=rag
[2026-01-30T15:53:52.439Z] GET /api/filters?
[2026-01-30T15:53:52.549Z] GET /api/studentsByCampus?quickSearch=RAGHU
[2026-01-30T15:53:52.633Z] GET /api/exam-stats?quickSearch=RAGHU
[2026-01-30T15:53:53.361Z] GET /api/analysis-report?quickSearch=RAGHU
[2026-01-30T15:55:33.517Z] GET /api/filters?
[2026-01-30T15:55:33.519Z] GET /api/studentsByCampus?
[2026-01-30T15:55:33.540Z] GET /api/exam-stats?
[2026-01-30T15:55:37.193Z] GET /api/analysis-report?
[2026-01-30T15:56:36.201Z] GET /api/filters?
[2026-01-30T15:56:36.299Z] GET /api/studentsByCampus?
[2026-01-30T15:56:36.396Z] GET /api/exam-stats?
[2026-01-30T15:56:36.566Z] GET /api/analysis-report?
[2026-01-30T15:56:45.086Z] GET /api/studentsByCampus?quickSearch=ra
[2026-01-30T15:56:46.696Z] GET /api/studentsByCampus?quickSearch=rag
[2026-01-30T15:56:48.294Z] GET /api/studentsByCampus?quickSearch=ragh
[2026-01-30T15:56:48.573Z] GET /api/studentsByCampus?quickSearch=raghu
[2026-01-30T15:56:58.729Z] GET /api/studentsByCampus?quickSearch=Ra
[2026-01-30T15:56:59.827Z] GET /api/studentsByCampus?quickSearch=Rag
[2026-01-30T15:57:00.095Z] GET /api/studentsByCampus?quickSearch=Ragh
[2026-01-30T15:57:00.342Z] GET /api/studentsByCampus?quickSearch=Raghu
[2026-01-30T15:57:03.121Z] GET /api/studentsByCampus?quickSearch=RA
[2026-01-30T15:57:03.539Z] GET /api/studentsByCampus?quickSearch=RAG
[2026-01-30T15:57:03.689Z] GET /api/studentsByCampus?quickSearch=RAGH
[2026-01-30T15:57:03.899Z] GET /api/studentsByCampus?quickSearch=RAGHU
[2026-01-30T16:00:07.513Z] GET /api/filters?
[2026-01-30T16:00:07.518Z] GET /api/studentsByCampus?
[2026-01-30T16:00:07.527Z] GET /api/exam-stats?
[2026-01-30T16:00:10.218Z] GET /api/analysis-report?
[2026-01-30T16:01:10.008Z] GET /api/filters?
[2026-01-30T16:01:10.113Z] GET /api/studentsByCampus?
[2026-01-30T16:01:17.276Z] GET /api/studentsByCampus?quickSearch=r
[2026-01-30T16:01:17.937Z] GET /api/studentsByCampus?quickSearch=ra
[2026-01-30T16:01:19.306Z] GET /api/studentsByCampus?quickSearch=rag
[2026-01-30T16:01:19.590Z] GET /api/studentsByCampus?quickSearch=ragh
[2026-01-30T16:01:19.831Z] GET /api/studentsByCampus?quickSearch=raghu
[2026-01-30T16:02:07.157Z] GET /api/studentsByCampus?quickSearch=n
[2026-01-30T16:02:07.537Z] GET /api/studentsByCampus?quickSearch=ni
[2026-01-30T16:02:08.023Z] GET /api/studentsByCampus?quickSearch=nih
[2026-01-30T16:02:08.437Z] GET /api/studentsByCampus?quickSearch=niha
[2026-01-30T16:04:32.436Z] GET /api/exam-stats?
[2026-01-30T16:05:27.889Z] GET /api/exam-stats?
[2026-01-30T16:06:40.558Z] GET /api/filters?
[2026-01-30T16:06:40.652Z] GET /api/studentsByCampus?
[2026-01-30T16:06:40.751Z] GET /api/exam-stats?
[2026-01-30T16:06:41.722Z] GET /api/analysis-report?
[2026-01-30T16:07:06.289Z] GET /api/studentsByCampus?quickSearch=r
[2026-01-30T16:07:07.658Z] GET /api/studentsByCampus?quickSearch=ra
[2026-01-30T16:08:37.188Z] GET /api/studentsByCampus?quickSearch=rag
[2026-01-30T16:08:37.504Z] GET /api/studentsByCampus?quickSearch=ragh
[2026-01-30T16:08:38.905Z] GET /api/studentsByCampus?quickSearch=raghu
[2026-01-30T16:08:42.767Z] GET /api/filters?
[2026-01-30T16:08:42.865Z] GET /api/studentsByCampus?
[2026-01-30T16:08:42.964Z] GET /api/exam-stats?studentSearch=246407817
[2026-01-30T16:08:43.084Z] GET /api/analysis-report?studentSearch=246407817
[2026-01-30T16:08:49.782Z] GET /api/filters?
[2026-01-30T16:08:49.879Z] GET /api/studentsByCampus?
[2026-01-30T16:08:49.983Z] GET /api/exam-stats?
[2026-01-30T16:08:50.181Z] GET /api/analysis-report?
[2026-01-30T16:09:07.514Z] GET /api/filters?
[2026-01-30T16:09:07.516Z] GET /api/studentsByCampus?
[2026-01-30T16:09:07.518Z] GET /api/exam-stats?
[2026-01-30T16:09:07.682Z] GET /api/analysis-report?
[2026-01-30T16:10:36.454Z] GET /api/studentsByCampus?quickSearch=r
[2026-01-30T16:10:37.078Z] GET /api/studentsByCampus?quickSearch=ra
[2026-01-30T16:10:44.175Z] GET /api/analysis-report?
[2026-01-30T16:11:41.477Z] GET /api/studentsByCampus?quickSearch=s
[2026-01-30T16:11:43.102Z] GET /api/studentsByCampus?quickSearch=su
[2026-01-30T16:11:44.514Z] GET /api/studentsByCampus?quickSearch=suc
[2026-01-30T16:12:53.668Z] GET /api/filters?
[2026-01-30T16:12:53.763Z] GET /api/studentsByCampus?
[2026-01-30T16:12:53.864Z] GET /api/exam-stats?
[2026-01-30T16:12:54.042Z] GET /api/analysis-report?
[2026-01-30T16:13:06.522Z] GET /api/studentsByCampus?quickSearch=r
[2026-01-30T16:16:27.537Z] GET /api/exam-stats?
[2026-01-30T16:27:46.860Z] GET /api/filters?
[2026-01-30T16:27:46.933Z] GET /api/studentsByCampus?
[2026-01-30T16:27:47.031Z] GET /api/exam-stats?
[2026-01-30T16:27:51.587Z] GET /api/analysis-report?
[2026-01-30T16:27:54.021Z] GET /api/studentsByCampus?quickSearch=r
[2026-01-30T16:27:54.174Z] GET /api/studentsByCampus?quickSearch=ra
[2026-01-30T16:39:32.782Z] GET /
[2026-01-30T16:39:32.868Z] GET /favicon.ico
[2026-01-30T16:39:58.242Z] GET /api/filters?
[2026-01-30T16:39:58.337Z] GET /api/studentsByCampus?
[2026-01-30T16:39:58.435Z] GET /api/exam-stats?
[2026-01-30T16:41:55.643Z] GET /
[2026-01-30T16:41:55.704Z] GET /favicon.ico
[2026-01-30T16:42:20.795Z] GET /api/filters?
[2026-01-30T16:42:20.882Z] GET /api/studentsByCampus?
[2026-01-30T16:42:20.982Z] GET /api/exam-stats?
[2026-01-30T16:42:29.940Z] GET /api/studentsByCampus?quickSearch=r
[2026-01-30T16:42:30.648Z] GET /api/studentsByCampus?quickSearch=ra
[2026-01-30T16:42:31.982Z] GET /api/studentsByCampus?quickSearch=rag
[2026-01-30T16:42:33.137Z] GET /api/studentsByCampus?quickSearch=ragh
[2026-01-30T16:42:33.378Z] GET /api/studentsByCampus?quickSearch=raghu
[2026-01-30T16:42:36.423Z] GET /api/filters?
[2026-01-30T16:42:36.528Z] GET /api/studentsByCampus?
[2026-01-30T16:42:36.619Z] GET /api/exam-stats?studentSearch=246403455
[2026-01-30T16:42:36.764Z] GET /api/analysis-report?studentSearch=246403455
[2026-01-30T16:42:46.236Z] GET /api/filters?
[2026-01-30T16:42:46.339Z] GET /api/studentsByCampus?
[2026-01-30T16:42:55.110Z] GET /api/studentsByCampus?quickSearch=ragh
[2026-01-30T16:42:56.285Z] GET /api/filters?
[2026-01-30T16:42:56.391Z] GET /api/studentsByCampus?
[2026-01-30T16:42:59.855Z] GET /api/history?studentSearch=246403455
[2026-01-30T16:43:09.063Z] GET /api/filters?
[2026-01-30T16:43:09.157Z] GET /api/studentsByCampus?
[2026-01-30T16:43:11.247Z] GET /api/filters?stream=SR_ELITE_SET_01
[2026-01-30T16:43:11.349Z] GET /api/studentsByCampus?stream=SR_ELITE_SET_01
[2026-01-30T16:43:13.032Z] GET /api/filters?stream=SR_ELITE_SET_01&testType=GT
[2026-01-30T16:43:13.135Z] GET /api/studentsByCampus?stream=SR_ELITE_SET_01&testType=GT
[2026-01-30T16:43:14.300Z] GET /api/history?stream=SR_ELITE_SET_01&testType=GT&studentSearch=246403455
[2026-01-30T16:43:19.352Z] GET /api/filters?
[2026-01-30T16:43:19.454Z] GET /api/studentsByCampus?
[2026-01-30T16:44:14.183Z] GET /api/filters?
[2026-01-30T16:44:14.280Z] GET /api/studentsByCampus?
[2026-01-30T16:44:14.380Z] GET /api/exam-stats?studentSearch=246403455
[2026-01-30T16:44:16.960Z] GET /api/analysis-report?studentSearch=246403455
[2026-01-30T16:44:18.226Z] GET /api/filters?
[2026-01-30T16:44:18.312Z] GET /api/studentsByCampus?
[2026-01-30T16:44:18.412Z] GET /api/exam-stats?
[2026-01-30T16:44:18.627Z] GET /api/analysis-report?
[2026-01-30T16:44:36.940Z] GET /api/filters?
[2026-01-30T16:44:37.043Z] GET /api/studentsByCampus?
[2026-01-30T16:44:37.140Z] GET /api/exam-stats?studentSearch=246403455
[2026-01-30T16:44:37.278Z] GET /api/analysis-report?studentSearch=246403455
[2026-01-30T16:44:40.225Z] GET /api/filters?
[2026-01-30T16:44:40.338Z] GET /api/studentsByCampus?
[2026-01-30T16:44:40.424Z] GET /api/exam-stats?
[2026-01-30T16:44:40.650Z] GET /api/analysis-report?
[2026-01-30T16:44:41.802Z] GET /api/studentsByCampus?quickSearch=s
[2026-01-30T16:44:42.644Z] GET /api/studentsByCampus?quickSearch=su
[2026-01-30T16:44:42.654Z] GET /api/studentsByCampus?quickSearch=suc
[2026-01-30T16:44:42.664Z] GET /api/studentsByCampus?quickSearch=such
[2026-01-30T16:44:42.677Z] GET /api/studentsByCampus?quickSearch=suchi
[2026-01-30T16:44:45.188Z] GET /api/filters?
[2026-01-30T16:44:45.305Z] GET /api/studentsByCampus?
[2026-01-30T16:44:45.391Z] GET /api/exam-stats?studentSearch=246400986
[2026-01-30T16:44:45.596Z] GET /api/analysis-report?studentSearch=246400986
[2026-01-30T16:45:15.010Z] GET /api/filters?
[2026-01-30T16:45:15.121Z] GET /api/studentsByCampus?
[2026-01-30T16:45:17.918Z] GET /api/studentsByCampus?quickSearch=s
[2026-01-30T16:45:18.099Z] GET /api/studentsByCampus?quickSearch=su
[2026-01-30T16:45:18.409Z] GET /api/studentsByCampus?quickSearch=suc
[2026-01-30T16:45:18.632Z] GET /api/studentsByCampus?quickSearch=such
[2026-01-30T16:45:20.644Z] GET /api/filters?
[2026-01-30T16:45:20.735Z] GET /api/studentsByCampus?
[2026-01-30T16:45:27.369Z] GET /api/history?studentSearch=246400986
[2026-01-30T16:46:43.932Z] GET /api/filters?
[2026-01-30T16:46:43.941Z] GET /api/studentsByCampus?
[2026-01-30T16:46:49.838Z] GET /api/filters?
[2026-01-30T16:46:52.804Z] GET /api/filters?
[2026-01-30T16:46:53.004Z] GET /api/exam-stats?studentSearch=246400986
[2026-01-30T16:46:53.141Z] GET /api/analysis-report?studentSearch=246400986
[2026-01-30T16:47:00.921Z] GET /api/studentsByCampus?
[2026-01-30T16:47:00.922Z] GET /api/exam-stats?
[2026-01-30T16:47:00.924Z] GET /api/filters?
[2026-01-30T16:47:01.137Z] GET /api/analysis-report?
[2026-01-30T16:47:43.766Z] GET /api/filters?
[2026-01-30T16:47:43.864Z] GET /api/studentsByCampus?
[2026-01-30T16:47:59.090Z] GET /api/studentsByCampus?quickSearch=s
[2026-01-30T16:47:59.221Z] GET /api/studentsByCampus?quickSearch=su
[2026-01-30T16:47:59.646Z] GET /api/studentsByCampus?quickSearch=suc
[2026-01-30T16:48:02.829Z] GET /api/filters?
[2026-01-30T16:48:02.928Z] GET /api/studentsByCampus?
[2026-01-30T16:48:03.029Z] GET /api/exam-stats?studentSearch=246400986
[2026-01-30T16:48:03.466Z] GET /api/analysis-report?studentSearch=246400986
[2026-01-30T16:48:05.242Z] GET /api/filters?
[2026-01-30T16:48:05.340Z] GET /api/studentsByCampus?
[2026-01-30T16:48:05.436Z] GET /api/exam-stats?
[2026-01-30T16:48:05.719Z] GET /api/analysis-report?
[2026-01-30T16:48:20.146Z] GET /api/exam-stats?
[2026-01-30T16:48:20.328Z] GET /api/analysis-report?
[2026-01-30T16:48:22.418Z] GET /api/studentsByCampus?quickSearch=r
[2026-01-30T16:48:22.625Z] GET /api/studentsByCampus?quickSearch=ra
[2026-01-30T16:48:22.829Z] GET /api/studentsByCampus?quickSearch=rag
[2026-01-30T16:48:23.553Z] GET /api/studentsByCampus?quickSearch=ragh
[2026-01-30T16:48:23.911Z] GET /api/studentsByCampus?quickSearch=raghu
[2026-01-30T16:48:38.606Z] GET /api/studentsByCampus?quickSearch=a
[2026-01-30T16:48:38.822Z] GET /api/studentsByCampus?quickSearch=ai
[2026-01-30T16:48:38.941Z] GET /api/studentsByCampus?quickSearch=ais
[2026-01-30T16:48:39.406Z] GET /api/studentsByCampus?quickSearch=aish
[2026-01-30T16:48:42.934Z] GET /api/studentsByCampus?quickSearch=ai
[2026-01-30T16:48:44.247Z] GET /api/studentsByCampus?quickSearch=h
[2026-01-30T16:48:44.420Z] GET /api/studentsByCampus?quickSearch=hr
[2026-01-30T16:48:44.538Z] GET /api/studentsByCampus?quickSearch=hri
[2026-01-30T16:48:45.460Z] GET /api/studentsByCampus?quickSearch=hrit
[2026-01-30T16:48:51.981Z] GET /api/studentsByCampus?quickSearch=hrite
[2026-01-30T16:48:54.835Z] GET /api/filters?
[2026-01-30T16:48:54.969Z] GET /api/studentsByCampus?
[2026-01-30T16:48:55.832Z] GET /api/studentsByCampus?quickSearch=hriti
[2026-01-30T16:48:59.786Z] GET /api/studentsByCampus?quickSearch=hre
[2026-01-30T16:49:01.284Z] GET /api/studentsByCampus?quickSearch=hrei
[2026-01-30T16:49:22.754Z] GET /api/filters?
[2026-01-30T16:49:22.857Z] GET /api/studentsByCampus?
[2026-01-30T16:49:22.960Z] GET /api/exam-stats?
[2026-01-30T16:49:23.118Z] GET /api/analysis-report?
[2026-01-30T16:49:27.283Z] GET /api/studentsByCampus?quickSearch=s
[2026-01-30T16:49:27.487Z] GET /api/studentsByCampus?quickSearch=su
[2026-01-30T16:49:27.848Z] GET /api/studentsByCampus?quickSearch=suc
[2026-01-30T16:49:28.046Z] GET /api/studentsByCampus?quickSearch=such
[2026-01-30T16:49:30.315Z] GET /api/filters?
[2026-01-30T16:49:30.424Z] GET /api/studentsByCampus?
[2026-01-30T16:49:30.513Z] GET /api/exam-stats?studentSearch=246400986
[2026-01-30T16:49:30.680Z] GET /api/analysis-report?studentSearch=246400986
[2026-01-30T16:49:44.000Z] GET /api/filters?
[2026-01-30T16:49:44.091Z] GET /api/studentsByCampus?
[2026-01-30T16:49:44.182Z] GET /api/exam-stats?
[2026-01-30T16:49:44.364Z] GET /api/analysis-report?
[2026-01-30T16:49:52.136Z] GET /api/filters?
[2026-01-30T16:49:52.227Z] GET /api/studentsByCampus?
[2026-01-30T16:49:52.338Z] GET /api/exam-stats?studentSearch=246400986
[2026-01-30T16:49:52.448Z] GET /api/analysis-report?studentSearch=246400986
[2026-01-30T16:50:19.236Z] GET /api/filters?
[2026-01-30T16:50:19.337Z] GET /api/studentsByCampus?
[2026-01-30T16:50:19.435Z] GET /api/analysis-report?
[2026-01-30T16:50:23.993Z] GET /api/filters?
[2026-01-30T16:50:24.087Z] GET /api/studentsByCampus?
[2026-01-30T16:50:24.191Z] GET /api/analysis-report?studentSearch=246400986
[2026-01-30T16:50:40.114Z] GET /api/filters?
[2026-01-30T16:50:40.215Z] GET /api/studentsByCampus?
[2026-01-30T16:50:40.314Z] GET /api/analysis-report?
[2026-01-30T16:50:44.346Z] GET /api/studentsByCampus?quickSearch=2
[2026-01-30T16:50:45.513Z] GET /api/studentsByCampus?quickSearch=28
[2026-01-30T16:50:46.706Z] GET /api/studentsByCampus?quickSearch=289
[2026-01-30T16:50:47.118Z] GET /api/studentsByCampus?quickSearch=2890
[2026-01-30T16:53:18.787Z] GET /
[2026-01-30T16:53:18.937Z] GET /favicon.ico
[2026-01-30T16:53:31.849Z] GET /api/filters?
[2026-01-30T16:53:31.948Z] GET /api/studentsByCampus?
[2026-01-30T16:53:32.042Z] GET /api/exam-stats?
[2026-01-30T16:53:55.002Z] GET /api/studentsByCampus?quickSearch=s
[2026-01-30T16:53:55.755Z] GET /api/studentsByCampus?quickSearch=su
[2026-01-30T16:53:56.336Z] GET /api/studentsByCampus?quickSearch=suc
[2026-01-30T16:53:58.468Z] GET /api/filters?campus=DAVANAGERE&stream=SR_ELITE_SET_01
[2026-01-30T16:53:58.556Z] GET /api/studentsByCampus?campus=DAVANAGERE&stream=SR_ELITE_SET_01&quickSearch=SUCHITA+MANNE+%28246400986%29
[2026-01-30T16:53:58.655Z] GET /api/exam-stats?campus=DAVANAGERE&stream=SR_ELITE_SET_01&studentSearch=246400986&quickSearch=SUCHITA+MANNE+%28246400986%29
[2026-01-30T16:53:58.771Z] GET /api/analysis-report?campus=DAVANAGERE&stream=SR_ELITE_SET_01&studentSearch=246400986&quickSearch=SUCHITA+MANNE+%28246400986%29
[2026-01-30T16:54:03.240Z] GET /api/filters?campus=DAVANAGERE&stream=SR_ELITE_SET_01&testType=GT
[2026-01-30T16:54:03.335Z] GET /api/studentsByCampus?campus=DAVANAGERE&stream=SR_ELITE_SET_01&testType=GT&quickSearch=SUCHITA+MANNE+%28246400986%29
[2026-01-30T16:54:03.434Z] GET /api/exam-stats?campus=DAVANAGERE&stream=SR_ELITE_SET_01&testType=GT&studentSearch=246400986&quickSearch=SUCHITA+MANNE+%28246400986%29
[2026-01-30T16:54:03.543Z] GET /api/analysis-report?campus=DAVANAGERE&stream=SR_ELITE_SET_01&testType=GT&studentSearch=246400986&quickSearch=SUCHITA+MANNE+%28246400986%29
[2026-01-30T16:54:15.092Z] GET /api/filters?
[2026-01-30T16:54:15.206Z] GET /api/studentsByCampus?
[2026-01-30T16:54:15.302Z] GET /api/analysis-report?
[2026-01-30T16:54:19.299Z] GET /api/studentsByCampus?quickSearch=such
[2026-01-30T16:54:19.572Z] GET /api/studentsByCampus?quickSearch=suchi
[2026-01-30T16:54:21.533Z] GET /api/filters?campus=DAVANAGERE&stream=SR_ELITE_SET_01
[2026-01-30T16:54:21.633Z] GET /api/studentsByCampus?campus=DAVANAGERE&stream=SR_ELITE_SET_01&quickSearch=SUCHITA+MANNE+%28246400986%29
[2026-01-30T16:54:21.732Z] GET /api/analysis-report?campus=DAVANAGERE&stream=SR_ELITE_SET_01&studentSearch=246400986&quickSearch=SUCHITA+MANNE+%28246400986%29
[2026-01-30T16:54:24.234Z] GET /api/filters?campus=DAVANAGERE&stream=SR_ELITE_SET_01&testType=GT
[2026-01-30T16:54:24.341Z] GET /api/studentsByCampus?campus=DAVANAGERE&stream=SR_ELITE_SET_01&testType=GT&quickSearch=SUCHITA+MANNE+%28246400986%29
[2026-01-30T16:54:24.432Z] GET /api/analysis-report?campus=DAVANAGERE&stream=SR_ELITE_SET_01&testType=GT&studentSearch=246400986&quickSearch=SUCHITA+MANNE+%28246400986%29
[2026-01-30T16:54:28.916Z] GET /api/filters?campus=DAVANAGERE&stream=SR_ELITE_SET_01&testType=GT
[2026-01-30T16:54:29.015Z] GET /api/studentsByCampus?campus=DAVANAGERE&stream=SR_ELITE_SET_01&testType=GT&quickSearch=SUCHITA+MANNE+%28246400986%29
[2026-01-30T16:54:29.116Z] GET /api/analysis-report?campus=DAVANAGERE&stream=SR_ELITE_SET_01&testType=GT&studentSearch=246400986&quickSearch=SUCHITA+MANNE+%28246400986%29
[2026-01-30T16:54:35.255Z] GET /api/studentsByCampus?campus=DAVANAGERE&stream=SR_ELITE_SET_01&testType=GT&quickSearch=SUCHITA+MANNE+%28246400986%29
[2026-01-30T16:54:35.367Z] GET /api/analysis-report?campus=DAVANAGERE&stream=SR_ELITE_SET_01&testType=GT&studentSearch=246400986&quickSearch=SUCHITA+MANNE+%28246400986%29
[2026-01-30T16:54:42.443Z] GET /api/filters?
[2026-01-30T16:54:42.545Z] GET /api/studentsByCampus?
[2026-01-30T16:54:42.648Z] GET /api/analysis-report?
[2026-01-30T16:54:46.647Z] GET /api/exam-stats?
[2026-01-30T16:54:46.826Z] GET /api/analysis-report?
[2026-01-30T16:54:50.012Z] GET /api/studentsByCampus?quickSearch=s
[2026-01-30T16:54:50.261Z] GET /api/studentsByCampus?quickSearch=su
[2026-01-30T16:54:51.095Z] GET /api/studentsByCampus?quickSearch=suc
[2026-01-30T16:54:52.764Z] GET /api/filters?campus=DAVANAGERE&stream=SR_ELITE_SET_01
[2026-01-30T16:54:52.886Z] GET /api/studentsByCampus?campus=DAVANAGERE&stream=SR_ELITE_SET_01&quickSearch=SUCHITA+MANNE+%28246400986%29
[2026-01-30T16:54:52.971Z] GET /api/exam-stats?campus=DAVANAGERE&stream=SR_ELITE_SET_01&studentSearch=246400986&quickSearch=SUCHITA+MANNE+%28246400986%29
[2026-01-30T16:54:53.091Z] GET /api/analysis-report?campus=DAVANAGERE&stream=SR_ELITE_SET_01&studentSearch=246400986&quickSearch=SUCHITA+MANNE+%28246400986%29
[2026-01-30T16:55:42.703Z] GET /api/exam-stats?campus=DAVANAGERE&stream=SR_ELITE_SET_01
[2026-01-30T16:55:42.820Z] GET /api/analysis-report?campus=DAVANAGERE&stream=SR_ELITE_SET_01
[2026-01-30T16:56:00.393Z] GET /api/filters?
[2026-01-30T16:56:00.483Z] GET /api/studentsByCampus?
[2026-01-30T16:56:00.583Z] GET /api/exam-stats?
[2026-01-30T16:56:00.794Z] GET /api/analysis-report?
[2026-01-30T16:56:04.756Z] GET /api/studentsByCampus?quickSearch=s
[2026-01-30T16:56:05.963Z] GET /api/studentsByCampus?quickSearch=su
[2026-01-30T16:56:06.823Z] GET /api/studentsByCampus?quickSearch=suc
[2026-01-30T16:56:08.251Z] GET /api/filters?campus=DAVANAGERE&stream=SR_ELITE_SET_01
[2026-01-30T16:56:08.349Z] GET /api/studentsByCampus?campus=DAVANAGERE&stream=SR_ELITE_SET_01&quickSearch=SUCHITA+MANNE+%28246400986%29
[2026-01-30T16:56:08.464Z] GET /api/exam-stats?campus=DAVANAGERE&stream=SR_ELITE_SET_01&studentSearch=246400986&quickSearch=SUCHITA+MANNE+%28246400986%29
[2026-01-30T16:56:08.574Z] GET /api/analysis-report?campus=DAVANAGERE&stream=SR_ELITE_SET_01&studentSearch=246400986&quickSearch=SUCHITA+MANNE+%28246400986%29
[2026-01-30T16:56:17.321Z] GET /api/filters?
[2026-01-30T16:56:17.413Z] GET /api/studentsByCampus?
[2026-01-30T16:56:17.520Z] GET /api/analysis-report?
[2026-01-30T16:56:18.501Z] GET /api/filters?campus=DAVANAGERE&stream=SR_ELITE_SET_01
[2026-01-30T16:56:18.601Z] GET /api/studentsByCampus?campus=DAVANAGERE&stream=SR_ELITE_SET_01&quickSearch=SUCHITA+MANNE+%28246400986%29
[2026-01-30T16:56:18.697Z] GET /api/exam-stats?campus=DAVANAGERE&stream=SR_ELITE_SET_01&studentSearch=246400986&quickSearch=SUCHITA+MANNE+%28246400986%29
[2026-01-30T16:56:18.836Z] GET /api/analysis-report?campus=DAVANAGERE&stream=SR_ELITE_SET_01&studentSearch=246400986&quickSearch=SUCHITA+MANNE+%28246400986%29
[2026-01-30T16:56:22.065Z] GET /api/exam-stats?campus=DAVANAGERE&stream=SR_ELITE_SET_01
[2026-01-30T16:56:22.209Z] GET /api/analysis-report?campus=DAVANAGERE&stream=SR_ELITE_SET_01
[2026-01-30T16:57:10.343Z] GET /api/filters?
[2026-01-30T16:57:10.444Z] GET /api/studentsByCampus?
[2026-01-30T16:57:10.537Z] GET /api/exam-stats?
[2026-01-30T16:57:11.892Z] GET /api/analysis-report?
[2026-01-30T16:57:30.488Z] GET /api/filters?campus=DAVANAGERE&stream=SR_ELITE_SET_01
[2026-01-30T16:57:30.578Z] GET /api/studentsByCampus?campus=DAVANAGERE&stream=SR_ELITE_SET_01&quickSearch=SUCHITA+MANNE+%28246400986%29
[2026-01-30T16:57:30.684Z] GET /api/exam-stats?campus=DAVANAGERE&stream=SR_ELITE_SET_01&studentSearch=246400986&quickSearch=SUCHITA+MANNE+%28246400986%29
[2026-01-30T16:57:30.777Z] GET /api/analysis-report?campus=DAVANAGERE&stream=SR_ELITE_SET_01&studentSearch=246400986&quickSearch=SUCHITA+MANNE+%28246400986%29
[2026-01-30T17:02:31.097Z] GET /api/filters?
[2026-01-30T17:02:31.185Z] GET /api/studentsByCampus?
[2026-01-30T17:02:31.284Z] GET /api/exam-stats?
[2026-01-30T17:02:59.983Z] GET /api/studentsByCampus?quickSearch=s
[2026-01-30T17:03:02.197Z] GET /api/studentsByCampus?quickSearch=su
[2026-01-30T17:03:02.532Z] GET /api/studentsByCampus?quickSearch=suc
[2026-01-30T17:03:04.148Z] GET /api/filters?campus=DAVANAGERE&stream=SR_ELITE_SET_01
[2026-01-30T17:03:04.245Z] GET /api/studentsByCampus?campus=DAVANAGERE&stream=SR_ELITE_SET_01&quickSearch=SUCHITA+MANNE+%28246400986%29
[2026-01-30T17:03:04.345Z] GET /api/exam-stats?campus=DAVANAGERE&stream=SR_ELITE_SET_01&studentSearch=246400986&quickSearch=SUCHITA+MANNE+%28246400986%29
[2026-01-30T17:03:04.451Z] GET /api/analysis-report?campus=DAVANAGERE&stream=SR_ELITE_SET_01&studentSearch=246400986&quickSearch=SUCHITA+MANNE+%28246400986%29
[2026-01-30T17:03:49.258Z] GET /
[2026-01-30T17:03:49.403Z] GET /favicon.ico
[2026-01-30T17:04:04.915Z] GET /api/filters?
[2026-01-30T17:04:04.950Z] GET /api/studentsByCampus?
[2026-01-30T17:04:04.966Z] GET /api/exam-stats?
[2026-01-30T17:04:11.228Z] GET /api/studentsByCampus?quickSearch=s
[2026-01-30T17:04:12.814Z] GET /api/studentsByCampus?quickSearch=su
[2026-01-30T17:04:13.448Z] GET /api/studentsByCampus?quickSearch=suc
[2026-01-30T17:04:15.066Z] GET /api/filters?campus=DAVANAGERE&stream=SR_ELITE_SET_01
[2026-01-30T17:04:15.157Z] GET /api/studentsByCampus?campus=DAVANAGERE&stream=SR_ELITE_SET_01&quickSearch=SUCHITA+MANNE+%28246400986%29
[2026-01-30T17:04:15.255Z] GET /api/exam-stats?campus=DAVANAGERE&stream=SR_ELITE_SET_01&studentSearch=246400986&quickSearch=SUCHITA+MANNE+%28246400986%29
[2026-01-30T17:04:17.294Z] GET /api/analysis-report?campus=DAVANAGERE&stream=SR_ELITE_SET_01&studentSearch=246400986&quickSearch=SUCHITA+MANNE+%28246400986%29
[2026-01-30T17:15:04.374Z] GET /api/filters?
[2026-01-30T17:15:04.472Z] GET /api/studentsByCampus?
[2026-01-30T17:15:04.584Z] GET /api/exam-stats?
[2026-01-30T17:15:32.010Z] GET /api/studentsByCampus?quickSearch=s
[2026-01-30T17:15:34.920Z] GET /api/studentsByCampus?quickSearch=su
[2026-01-30T17:15:35.396Z] GET /api/studentsByCampus?quickSearch=suc
[2026-01-30T17:15:37.895Z] GET /api/filters?campus=DAVANAGERE&stream=SR_ELITE_SET_01
[2026-01-30T17:15:37.995Z] GET /api/studentsByCampus?campus=DAVANAGERE&stream=SR_ELITE_SET_01&quickSearch=SUCHITA+MANNE+%28246400986%29
[2026-01-30T17:15:38.100Z] GET /api/exam-stats?campus=DAVANAGERE&stream=SR_ELITE_SET_01&studentSearch=246400986&quickSearch=SUCHITA+MANNE+%28246400986%29
[2026-01-30T17:15:38.220Z] GET /api/analysis-report?campus=DAVANAGERE&stream=SR_ELITE_SET_01&studentSearch=246400986&quickSearch=SUCHITA+MANNE+%28246400986%29
[2026-01-30T17:15:43.770Z] GET /api/filters?stream=SR_ELITE_SET_01
[2026-01-30T17:15:43.865Z] GET /api/studentsByCampus?stream=SR_ELITE_SET_01&quickSearch=SUCHITA+MANNE+%28246400986%29
[2026-01-30T17:15:43.967Z] GET /api/exam-stats?stream=SR_ELITE_SET_01&studentSearch=246400986&quickSearch=SUCHITA+MANNE+%28246400986%29
[2026-01-30T17:15:44.105Z] GET /api/analysis-report?stream=SR_ELITE_SET_01&studentSearch=246400986&quickSearch=SUCHITA+MANNE+%28246400986%29
[2026-01-30T17:15:46.143Z] GET /api/filters?
[2026-01-30T17:15:46.243Z] GET /api/studentsByCampus?quickSearch=SUCHITA+MANNE+%28246400986%29
[2026-01-30T17:15:46.344Z] GET /api/exam-stats?studentSearch=246400986&quickSearch=SUCHITA+MANNE+%28246400986%29
[2026-01-30T17:15:46.475Z] GET /api/analysis-report?studentSearch=246400986&quickSearch=SUCHITA+MANNE+%28246400986%29
[2026-01-30T17:15:48.446Z] GET /api/filters?testType=GT
[2026-01-30T17:15:48.546Z] GET /api/studentsByCampus?testType=GT&quickSearch=SUCHITA+MANNE+%28246400986%29
[2026-01-30T17:15:48.647Z] GET /api/exam-stats?testType=GT&studentSearch=246400986&quickSearch=SUCHITA+MANNE+%28246400986%29
[2026-01-30T17:15:48.765Z] GET /api/analysis-report?testType=GT&studentSearch=246400986&quickSearch=SUCHITA+MANNE+%28246400986%29
[2026-01-30T17:15:50.250Z] GET /api/filters?testType=GT
[2026-01-30T17:15:50.360Z] GET /api/studentsByCampus?testType=GT&quickSearch=SUCHITA+MANNE+%28246400986%29
[2026-01-30T17:15:50.461Z] GET /api/exam-stats?testType=GT&studentSearch=246400986&quickSearch=SUCHITA+MANNE+%28246400986%29
[2026-01-30T17:15:50.587Z] GET /api/analysis-report?testType=GT&studentSearch=246400986&quickSearch=SUCHITA+MANNE+%28246400986%29
[2026-01-30T17:15:52.343Z] GET /api/studentsByCampus?testType=GT&quickSearch=SUCHITA+MANNE+%28246400986%29
[2026-01-30T17:15:52.442Z] GET /api/exam-stats?testType=GT&studentSearch=246400986&quickSearch=SUCHITA+MANNE+%28246400986%29
[2026-01-30T17:15:52.563Z] GET /api/analysis-report?testType=GT&studentSearch=246400986&quickSearch=SUCHITA+MANNE+%28246400986%29
[2026-01-30T17:15:56.871Z] GET /api/exam-stats?testType=GT&quickSearch=SUCHITA+MANNE+%28246400986%29
[2026-01-30T17:15:56.993Z] GET /api/analysis-report?testType=GT&quickSearch=SUCHITA+MANNE+%28246400986%29
[2026-01-30T17:15:59.196Z] GET /api/exam-stats?testType=GT&quickSearch=SUCHITA+MANNE+%28246400986%29
[2026-01-30T17:15:59.353Z] GET /api/analysis-report?testType=GT&quickSearch=SUCHITA+MANNE+%28246400986%29
[2026-01-30T17:16:02.577Z] GET /api/filters?
[2026-01-30T17:16:02.679Z] GET /api/studentsByCampus?
[2026-01-30T17:16:02.774Z] GET /api/exam-stats?
[2026-01-30T17:16:02.930Z] GET /api/analysis-report?
[2026-01-30T17:16:15.382Z] GET /api/studentsByCampus?quickSearch=s
[2026-01-30T17:16:16.390Z] GET /api/studentsByCampus?quickSearch=su
[2026-01-30T17:16:19.401Z] GET /api/filters?campus=DAVANAGERE&stream=SR_ELITE_SET_01
[2026-01-30T17:16:19.504Z] GET /api/studentsByCampus?campus=DAVANAGERE&stream=SR_ELITE_SET_01&quickSearch=SUCHITA+MANNE+%28246400986%29
[2026-01-30T17:16:19.609Z] GET /api/exam-stats?campus=DAVANAGERE&stream=SR_ELITE_SET_01&studentSearch=246400986&quickSearch=SUCHITA+MANNE+%28246400986%29
[2026-01-30T17:16:19.731Z] GET /api/analysis-report?campus=DAVANAGERE&stream=SR_ELITE_SET_01&studentSearch=246400986&quickSearch=SUCHITA+MANNE+%28246400986%29
[2026-01-30T17:16:25.933Z] GET /api/filters?campus=DAVANAGERE&stream=SR_ELITE_SET_01&testType=GT
[2026-01-30T17:16:26.020Z] GET /api/studentsByCampus?campus=DAVANAGERE&stream=SR_ELITE_SET_01&testType=GT&quickSearch=SUCHITA+MANNE+%28246400986%29
[2026-01-30T17:16:26.120Z] GET /api/exam-stats?campus=DAVANAGERE&stream=SR_ELITE_SET_01&testType=GT&studentSearch=246400986&quickSearch=SUCHITA+MANNE+%28246400986%29
[2026-01-30T17:16:26.249Z] GET /api/analysis-report?campus=DAVANAGERE&stream=SR_ELITE_SET_01&testType=GT&studentSearch=246400986&quickSearch=SUCHITA+MANNE+%28246400986%29
[2026-01-30T17:16:29.187Z] GET /api/filters?campus=DAVANAGERE&stream=SR_ELITE_SET_01&testType=GT
[2026-01-30T17:16:29.287Z] GET /api/studentsByCampus?campus=DAVANAGERE&stream=SR_ELITE_SET_01&testType=GT&quickSearch=SUCHITA+MANNE+%28246400986%29
[2026-01-30T17:16:29.388Z] GET /api/exam-stats?campus=DAVANAGERE&stream=SR_ELITE_SET_01&testType=GT&studentSearch=246400986&quickSearch=SUCHITA+MANNE+%28246400986%29
[2026-01-30T17:16:29.521Z] GET /api/analysis-report?campus=DAVANAGERE&stream=SR_ELITE_SET_01&testType=GT&studentSearch=246400986&quickSearch=SUCHITA+MANNE+%28246400986%29
[2026-01-30T17:21:34.030Z] GET /
[2026-01-30T17:21:34.170Z] GET /favicon.ico
[2026-01-30T17:21:49.304Z] GET /api/filters?
[2026-01-30T17:21:49.387Z] GET /api/studentsByCampus?
[2026-01-30T17:21:49.488Z] GET /api/exam-stats?
[2026-01-30T17:21:56.687Z] GET /api/filters?
[2026-01-30T17:21:56.785Z] GET /api/studentsByCampus?
[2026-01-30T17:21:56.886Z] GET /api/exam-stats?
[2026-01-30T17:21:57.063Z] GET /api/analysis-report?
[2026-01-30T17:22:01.908Z] GET /api/studentsByCampus?quickSearch=s
[2026-01-30T17:22:02.441Z] GET /api/studentsByCampus?quickSearch=su
[2026-01-30T17:22:02.857Z] GET /api/studentsByCampus?quickSearch=suc
[2026-01-30T17:22:04.751Z] GET /api/filters?campus=DAVANAGERE&stream=SR_ELITE_SET_01
[2026-01-30T17:22:04.843Z] GET /api/studentsByCampus?campus=DAVANAGERE&stream=SR_ELITE_SET_01&quickSearch=SUCHITA+MANNE+%28246400986%29
[2026-01-30T17:22:04.938Z] GET /api/exam-stats?campus=DAVANAGERE&stream=SR_ELITE_SET_01&studentSearch=246400986&quickSearch=SUCHITA+MANNE+%28246400986%29
[2026-01-30T17:22:05.056Z] GET /api/analysis-report?campus=DAVANAGERE&stream=SR_ELITE_SET_01&studentSearch=246400986&quickSearch=SUCHITA+MANNE+%28246400986%29
[2026-01-30T17:22:12.801Z] GET /api/filters?campus=DAVANAGERE&stream=SR_ELITE_SET_01&testType=GT
[2026-01-30T17:22:12.901Z] GET /api/studentsByCampus?campus=DAVANAGERE&stream=SR_ELITE_SET_01&testType=GT&quickSearch=SUCHITA+MANNE+%28246400986%29
[2026-01-30T17:22:13.001Z] GET /api/exam-stats?campus=DAVANAGERE&stream=SR_ELITE_SET_01&testType=GT&studentSearch=246400986&quickSearch=SUCHITA+MANNE+%28246400986%29
[2026-01-30T17:22:13.133Z] GET /api/analysis-report?campus=DAVANAGERE&stream=SR_ELITE_SET_01&testType=GT&studentSearch=246400986&quickSearch=SUCHITA+MANNE+%28246400986%29
[2026-01-30T17:22:20.118Z] GET /api/filters?campus=DAVANAGERE&stream=SR_ELITE_SET_01&testType=GT
[2026-01-30T17:22:20.215Z] GET /api/studentsByCampus?campus=DAVANAGERE&stream=SR_ELITE_SET_01&testType=GT&quickSearch=SUCHITA+MANNE+%28246400986%29
[2026-01-30T17:22:20.315Z] GET /api/exam-stats?campus=DAVANAGERE&stream=SR_ELITE_SET_01&testType=GT&studentSearch=246400986&quickSearch=SUCHITA+MANNE+%28246400986%29
[2026-01-30T17:22:20.475Z] GET /api/analysis-report?campus=DAVANAGERE&stream=SR_ELITE_SET_01&testType=GT&studentSearch=246400986&quickSearch=SUCHITA+MANNE+%28246400986%29
[2026-02-18T04:41:38.911Z] GET /api/health
[2026-02-18T04:41:46.993Z] GET /api/health
[2026-02-18T04:41:57.801Z] GET /api/filters
[2026-02-18T04:42:07.192Z] GET /api/analysis-report
[2026-02-18T04:42:22.293Z] GET /api/analysis-report
[2026-02-18T04:47:06.507Z] GET /api/analysis-report
[2026-02-18T04:47:20.541Z] GET /api/filters
[2026-02-18T04:48:58.614Z] GET /api/studentsByCampus
[2026-02-18T05:07:15.117Z] GET /api/analysis-report
[2026-02-18T05:07:25.251Z] GET /api/analysis-report
[2026-02-18T05:07:47.300Z] GET /api/filters
