[2026-01-30T14:44:33.523Z] SERVER ERROR: Error: listen EADDRINUSE: address already in use :::5000
    at Server.setupListenHandle [as _listen2] (node:net:1940:16)
    at listenInCluster (node:net:1997:12)
    at Server.listen (node:net:2102:7)
    at app.listen (F:\neet-analysis-backend-master\neet-analysis-backend-master\server\node_modules\express\lib\application.js:605:24)
    at Object.<anonymous> (F:\neet-analysis-backend-master\neet-analysis-backend-master\server\index.js:535:20)
    at Module._compile (node:internal/modules/cjs/loader:1760:14)
    at Object..js (node:internal/modules/cjs/loader:1893:10)
    at Module.load (node:internal/modules/cjs/loader:1480:32)
    at Module._load (node:internal/modules/cjs/loader:1299:12)
    at TracingChannel.traceSync (node:diagnostics_channel:328:14)
[2026-01-30T14:57:35.333Z] SERVER ERROR: Error: listen EADDRINUSE: address already in use :::5000
    at Server.setupListenHandle [as _listen2] (node:net:1940:16)
    at listenInCluster (node:net:1997:12)
    at Server.listen (node:net:2102:7)
    at app.listen (F:\neet-analysis-backend-master\neet-analysis-backend-master\server\node_modules\express\lib\application.js:605:24)
    at Object.<anonymous> (F:\neet-analysis-backend-master\neet-analysis-backend-master\server\index.js:539:20)
    at Module._compile (node:internal/modules/cjs/loader:1760:14)
    at Object..js (node:internal/modules/cjs/loader:1893:10)
    at Module.load (node:internal/modules/cjs/loader:1480:32)
    at Module._load (node:internal/modules/cjs/loader:1299:12)
    at TracingChannel.traceSync (node:diagnostics_channel:328:14)
[2026-01-30T15:22:16.938Z] SERVER ERROR: Error: listen EADDRINUSE: address already in use :::5000
    at Server.setupListenHandle [as _listen2] (node:net:1940:16)
    at listenInCluster (node:net:1997:12)
    at Server.listen (node:net:2102:7)
    at app.listen (F:\neet-analysis-backend-master\neet-analysis-backend-master\server\node_modules\express\lib\application.js:605:24)
    at Object.<anonymous> (F:\neet-analysis-backend-master\neet-analysis-backend-master\server\index.js:466:20)
    at Module._compile (node:internal/modules/cjs/loader:1760:14)
    at Object..js (node:internal/modules/cjs/loader:1893:10)
    at Module.load (node:internal/modules/cjs/loader:1480:32)
    at Module._load (node:internal/modules/cjs/loader:1299:12)
    at TracingChannel.traceSync (node:diagnostics_channel:328:14)
[2026-01-31T11:51:28.160Z] SERVER ERROR: Error: listen EADDRINUSE: address already in use :::5000
    at Server.setupListenHandle [as _listen2] (node:net:1940:16)
    at listenInCluster (node:net:1997:12)
    at Server.listen (node:net:2102:7)
    at app.listen (F:\Projects\NEET Analysis\server\node_modules\express\lib\application.js:605:24)
    at Object.<anonymous> (F:\Projects\NEET Analysis\server\index.js:500:20)
    at Module._compile (node:internal/modules/cjs/loader:1760:14)
    at Object..js (node:internal/modules/cjs/loader:1893:10)
    at Module.load (node:internal/modules/cjs/loader:1480:32)
    at Module._load (node:internal/modules/cjs/loader:1299:12)
    at TracingChannel.traceSync (node:diagnostics_channel:328:14)
[2026-02-09T12:04:04.619Z] SERVER ERROR: Error: listen EADDRINUSE: address already in use :::5000
    at Server.setupListenHandle [as _listen2] (node:net:1940:16)
    at listenInCluster (node:net:1997:12)
    at Server.listen (node:net:2102:7)
    at app.listen (F:\Projects\NEET Analysis\server\node_modules\express\lib\application.js:605:24)
    at Object.<anonymous> (F:\Projects\NEET Analysis\server\index.js:896:20)
    at Module._compile (node:internal/modules/cjs/loader:1760:14)
    at Object..js (node:internal/modules/cjs/loader:1893:10)
    at Module.load (node:internal/modules/cjs/loader:1480:32)
    at Module._load (node:internal/modules/cjs/loader:1299:12)
    at TracingChannel.traceSync (node:diagnostics_channel:328:14)
[2026-02-09T12:11:37.673Z] SERVER ERROR: Error: listen EADDRINUSE: address already in use :::5000
    at Server.setupListenHandle [as _listen2] (node:net:1940:16)
    at listenInCluster (node:net:1997:12)
    at Server.listen (node:net:2102:7)
    at app.listen (F:\Projects\NEET Analysis\server\node_modules\express\lib\application.js:605:24)
    at Object.<anonymous> (F:\Projects\NEET Analysis\server\index.js:896:20)
    at Module._compile (node:internal/modules/cjs/loader:1760:14)
    at Object..js (node:internal/modules/cjs/loader:1893:10)
    at Module.load (node:internal/modules/cjs/loader:1480:32)
    at Module._load (node:internal/modules/cjs/loader:1299:12)
    at TracingChannel.traceSync (node:diagnostics_channel:328:14)
[2026-02-09T12:14:34.085Z] SERVER ERROR: Error: listen EADDRINUSE: address already in use :::5000
    at Server.setupListenHandle [as _listen2] (node:net:1940:16)
    at listenInCluster (node:net:1997:12)
    at Server.listen (node:net:2102:7)
    at app.listen (F:\Projects\NEET Analysis\server\node_modules\express\lib\application.js:605:24)
    at Object.<anonymous> (F:\Projects\NEET Analysis\server\index.js:896:20)
    at Module._compile (node:internal/modules/cjs/loader:1760:14)
    at Object..js (node:internal/modules/cjs/loader:1893:10)
    at Module.load (node:internal/modules/cjs/loader:1480:32)
    at Module._load (node:internal/modules/cjs/loader:1299:12)
    at TracingChannel.traceSync (node:diagnostics_channel:328:14)
